<?xml version="1.0" encoding="UTF-8"?>
<coverage generated="1759177529022" clover="3.2.0">
  <project timestamp="1759177529022" name="All files">
    <metrics statements="15" coveredstatements="4" conditionals="10" coveredconditionals="4" methods="2" coveredmethods="1" elements="27" coveredelements="9" complexity="0" loc="15" ncloc="15" packages="1" files="1" classes="1"/>
    <file name="script.js" path="C:\Users\Aluno\Downloads\Teste\Teste6\src\script.js">
      <metrics statements="15" coveredstatements="4" conditionals="10" coveredconditionals="4" methods="2" coveredmethods="1"/>
      <line num="2" count="8" type="cond" truecount="4" falsecount="0"/>
      <line num="3" count="6" type="stmt"/>
      <line num="5" count="2" type="stmt"/>
      <line num="9" count="0" type="cond" truecount="0" falsecount="2"/>
      <line num="10" count="0" type="stmt"/>
      <line num="13" count="0" type="cond" truecount="0" falsecount="2"/>
      <line num="14" count="0" type="stmt"/>
      <line num="17" count="0" type="stmt"/>
      <line num="18" count="0" type="stmt"/>
      <line num="20" count="0" type="stmt"/>
      <line num="22" count="0" type="stmt"/>
      <line num="23" count="0" type="cond" truecount="0" falsecount="2"/>
      <line num="24" count="0" type="stmt"/>
      <line num="28" count="0" type="stmt"/>
      <line num="31" count="1" type="stmt"/>
    </file>
  </project>
</coverage>
