{"C:\\Users\\Aluno\\Downloads\\Teste\\Teste3\\src\\script.js": {"path":"C:\\Users\\Aluno\\Downloads\\Teste\\Teste3\\src\\script.js","statementMap":{"0":{"start":{"line":2,"column":12},"end":{"line":2,"column":31}},"1":{"start":{"line":3,"column":2},"end":{"line":3,"column":50}},"2":{"start":{"line":3,"column":16},"end":{"line":3,"column":50}},"3":{"start":{"line":5,"column":21},"end":{"line":5,"column":37}},"4":{"start":{"line":6,"column":17},"end":{"line":6,"column":27}},"5":{"start":{"line":8,"column":2},"end":{"line":8,"column":44}},"6":{"start":{"line":11,"column":0},"end":{"line":11,"column":47}}},"fnMap":{"0":{"name":"converterTemperaturaValor","decl":{"start":{"line":1,"column":9},"end":{"line":1,"column":34}},"loc":{"start":{"line":1,"column":44},"end":{"line":9,"column":1}},"line":1}},"branchMap":{"0":{"loc":{"start":{"line":3,"column":2},"end":{"line":3,"column":50}},"type":"if","locations":[{"start":{"line":3,"column":2},"end":{"line":3,"column":50}},{"start":{},"end":{}}],"line":3}},"s":{"0":8,"1":8,"2":3,"3":5,"4":5,"5":5,"6":1},"f":{"0":8},"b":{"0":[3,5]},"_coverageSchema":"1a1c01bbd47fc00a2c39e90264f33305004495a9","hash":"ef93094adc0eb95ca2c554349fd1b224b88df61b"}
}
