<?xml version="1.0" encoding="UTF-8"?>
<coverage generated="1759190621682" clover="3.2.0">
  <project timestamp="1759190621682" name="All files">
    <metrics statements="9" coveredstatements="9" conditionals="9" coveredconditionals="9" methods="1" coveredmethods="1" elements="19" coveredelements="19" complexity="0" loc="9" ncloc="9" packages="1" files="1" classes="1"/>
    <file name="script.js" path="/home/jonperez/Documentos/AtividadesTeste/Teste/Teste7/src/script.js">
      <metrics statements="9" coveredstatements="9" conditionals="9" coveredconditionals="9" methods="1" coveredmethods="1"/>
      <line num="2" count="11" type="stmt"/>
      <line num="3" count="11" type="stmt"/>
      <line num="5" count="11" type="cond" truecount="4" falsecount="0"/>
      <line num="6" count="2" type="stmt"/>
      <line num="9" count="9" type="cond" truecount="5" falsecount="0"/>
      <line num="10" count="3" type="stmt"/>
      <line num="13" count="6" type="stmt"/>
      <line num="15" count="6" type="stmt"/>
      <line num="22" count="1" type="stmt"/>
    </file>
  </project>
</coverage>
